  anti_aimbot.cpp
C:\src\2p\Counter-Strike Global Offensive\auto.hpp(169,2): error C4996: 'vsprintf': This function or variable may be unsafe. Consider using vsprintf_s instead. To disable deprecation, use _CRT_SECURE_NO_WARNINGS. See online help for details.
C:\src\2p\Counter-Strike Global Offensive\vmpsdk.h(104,10): fatal error C1083: Cannot open include file: 'sdk/VirtualizerSDK.h': No such file or directory
  autowall.cpp
C:\src\2p\Counter-Strike Global Offensive\auto.hpp(169,2): error C4996: 'vsprintf': This function or variable may be unsafe. Consider using vsprintf_s instead. To disable deprecation, use _CRT_SECURE_NO_WARNINGS. See online help for details.
C:\src\2p\Counter-Strike Global Offensive\vmpsdk.h(104,10): fatal error C1083: Cannot open include file: 'sdk/VirtualizerSDK.h': No such file or directory
  beams.cpp
C:\src\2p\Counter-Strike Global Offensive\auto.hpp(169,2): error C4996: 'vsprintf': This function or variable may be unsafe. Consider using vsprintf_s instead. To disable deprecation, use _CRT_SECURE_NO_WARNINGS. See online help for details.
C:\src\2p\Counter-Strike Global Offensive\vmpsdk.h(104,10): fatal error C1083: Cannot open include file: 'sdk/VirtualizerSDK.h': No such file or directory
  chams.cpp
C:\src\2p\Counter-Strike Global Offensive\auto.hpp(169,2): error C4996: 'vsprintf': This function or variable may be unsafe. Consider using vsprintf_s instead. To disable deprecation, use _CRT_SECURE_NO_WARNINGS. See online help for details.
C:\src\2p\Counter-Strike Global Offensive\vmpsdk.h(104,10): fatal error C1083: Cannot open include file: 'sdk/VirtualizerSDK.h': No such file or directory
  clientstate.cpp
C:\src\2p\Counter-Strike Global Offensive\auto.hpp(169,2): error C4996: 'vsprintf': This function or variable may be unsafe. Consider using vsprintf_s instead. To disable deprecation, use _CRT_SECURE_NO_WARNINGS. See online help for details.
C:\src\2p\Counter-Strike Global Offensive\vmpsdk.h(104,10): fatal error C1083: Cannot open include file: 'sdk/VirtualizerSDK.h': No such file or directory
  createmove.cpp
C:\src\2p\Counter-Strike Global Offensive\auto.hpp(169,2): error C4996: 'vsprintf': This function or variable may be unsafe. Consider using vsprintf_s instead. To disable deprecation, use _CRT_SECURE_NO_WARNINGS. See online help for details.
C:\src\2p\Counter-Strike Global Offensive\vmpsdk.h(104,10): fatal error C1083: Cannot open include file: 'sdk/VirtualizerSDK.h': No such file or directory
  displacement.cpp
C:\src\2p\Counter-Strike Global Offensive\auto.hpp(169,2): error C4996: 'vsprintf': This function or variable may be unsafe. Consider using vsprintf_s instead. To disable deprecation, use _CRT_SECURE_NO_WARNINGS. See online help for details.
C:\src\2p\Counter-Strike Global Offensive\vmpsdk.h(104,10): fatal error C1083: Cannot open include file: 'sdk/VirtualizerSDK.h': No such file or directory
  drawing.cpp
C:\src\2p\Counter-Strike Global Offensive\auto.hpp(169,2): error C4996: 'vsprintf': This function or variable may be unsafe. Consider using vsprintf_s instead. To disable deprecation, use _CRT_SECURE_NO_WARNINGS. See online help for details.
C:\src\2p\Counter-Strike Global Offensive\vmpsdk.h(104,10): fatal error C1083: Cannot open include file: 'sdk/VirtualizerSDK.h': No such file or directory
  entity.cpp
